<?xml version="1.0" encoding="UTF-8"?>
<!-- Generated by org.testng.reporters.JUnitReportReporter -->
<testsuite hostname="DESKTOP-OSLLAH3" failures="0" tests="2" name="PeopleNTech.Automationtraining.NewTestAnnotations" time="0.007" errors="0" timestamp="2021-12-09T09:14:35 BDT" skipped="0">
  <testcase classname="PeopleNTech.Automationtraining.NewTestAnnotations" name="f" time="0.005"/>
  <system-out/>
  <testcase classname="PeopleNTech.Automationtraining.NewTestAnnotations" name="f6" time="0.002"/>
  <system-out/>
</testsuite> <!-- PeopleNTech.Automationtraining.NewTestAnnotations -->
