<?xml version="1.0" encoding="UTF-8"?>
<!-- Generated by org.testng.reporters.JUnitReportReporter -->
<testsuite hostname="DESKTOP-OSLLAH3" failures="0" tests="1" name="PeopleNTech.Automationtraining.SignInAmazon" time="20.949" errors="0" timestamp="2021-12-09T09:32:48 BDT" skipped="0">
  <testcase classname="PeopleNTech.Automationtraining.SignInAmazon" name="f" time="20.949"/>
  <system-out/>
</testsuite> <!-- PeopleNTech.Automationtraining.SignInAmazon -->
